<?xml version="1.0"?>
<testsuite name="HeadlessChrome 81.0.4044 (Windows 10.0.0)" package="unit" timestamp="2020-04-27T18:04:07" id="0" hostname="DESKTOP-7CFCQLG" tests="5" errors="1" failures="2" time="0.211">
  <properties>
    <property name="browser.fullName" value="Mozilla/5.0 (Windows NT 10.0; Win64; x64) AppleWebKit/537.36 (KHTML, like Gecko) HeadlessChrome/81.0.4044.122 Safari/537.36"/>
  </properties>
  <testcase name="LanguageTranslator Test with non-existing translations" time="0.068" classname=".LanguageTranslator"/>
  <testcase name="LanguageTranslator Test with existing translation followed by non-existing translations" time="0.104" classname=".LanguageTranslator">
    <failure type="">Error: Expected '' to be 'gato'.
    at &lt;Jasmine&gt;
    at http://localhost:9876/_karma_webpack_/src/app/languageTranslator/languageTranslator.component.spec.ts:108:29
    at &lt;Jasmine&gt;
    at fulfilled (http://localhost:9876/_karma_webpack_/node_modules/tslib/tslib.es6.js:71:42)
    at ZoneDelegate.invoke (http://localhost:9876/_karma_webpack_/node_modules/zone.js/dist/zone-evergreen.js:364:1)
    at ProxyZoneSpec.push../node_modules/zone.js/dist/zone-testing.js.ProxyZoneSpec.onInvoke (http://localhost:9876/_karma_webpack_/node_modules/zone.js/dist/zone-testing.js:292:1)
    at ZoneDelegate.invoke (http://localhost:9876/_karma_webpack_/node_modules/zone.js/dist/zone-evergreen.js:363:1)
    at Zone.run (http://localhost:9876/_karma_webpack_/node_modules/zone.js/dist/zone-evergreen.js:123:1)
    at http://localhost:9876/_karma_webpack_/node_modules/zone.js/dist/zone-evergreen.js:857:1
    at ZoneDelegate.invokeTask (http://localhost:9876/_karma_webpack_/node_modules/zone.js/dist/zone-evergreen.js:399:1)
</failure>
  </testcase>
  <testcase name="LanguageTranslator Initial UI is rendered as expected" time="0.009" classname=".LanguageTranslator"/>
  <testcase name="LanguageTranslator Test with existing translations" time="0.015" classname=".LanguageTranslator"/>
  <testcase name="LanguageTranslator Test with non-existing translation followed by existing translations" time="0.015" classname=".LanguageTranslator">
    <failure type="">Error: Expected '' to be 'gato'.
    at &lt;Jasmine&gt;
    at http://localhost:9876/_karma_webpack_/src/app/languageTranslator/languageTranslator.component.spec.ts:130:29
    at &lt;Jasmine&gt;
    at fulfilled (http://localhost:9876/_karma_webpack_/node_modules/tslib/tslib.es6.js:71:42)
    at ZoneDelegate.invoke (http://localhost:9876/_karma_webpack_/node_modules/zone.js/dist/zone-evergreen.js:364:1)
    at ProxyZoneSpec.push../node_modules/zone.js/dist/zone-testing.js.ProxyZoneSpec.onInvoke (http://localhost:9876/_karma_webpack_/node_modules/zone.js/dist/zone-testing.js:292:1)
    at ZoneDelegate.invoke (http://localhost:9876/_karma_webpack_/node_modules/zone.js/dist/zone-evergreen.js:363:1)
    at Zone.run (http://localhost:9876/_karma_webpack_/node_modules/zone.js/dist/zone-evergreen.js:123:1)
    at http://localhost:9876/_karma_webpack_/node_modules/zone.js/dist/zone-evergreen.js:857:1
    at ZoneDelegate.invokeTask (http://localhost:9876/_karma_webpack_/node_modules/zone.js/dist/zone-evergreen.js:399:1)
</failure>
  </testcase>
  <system-out>
    <![CDATA[HeadlessChrome 81.0.4044 (Windows 10.0.0) LOG: <input _ngcontent-a-c47="" type="text" placeholder="foo" id="app-input" data-test-id="app-input" class="large">
,HeadlessChrome 81.0.4044 (Windows 10.0.0) ERROR
  An error was thrown in afterAll
  Error: Expected '' to be 'gato'.
      at <Jasmine>
      at http://localhost:9876/_karma_webpack_/src/app/languageTranslator/languageTranslator.component.spec.ts:77:31
      at <Jasmine>
      at fulfilled (http://localhost:9876/_karma_webpack_/node_modules/tslib/tslib.es6.js:71:42)
      at ZoneDelegate.invoke (http://localhost:9876/_karma_webpack_/node_modules/zone.js/dist/zone-evergreen.js:364:1)
      at ProxyZoneSpec.push../node_modules/zone.js/dist/zone-testing.js.ProxyZoneSpec.onInvoke (http://localhost:9876/_karma_webpack_/node_modules/zone.js/dist/zone-testing.js:292:1)
      at ZoneDelegate.invoke (http://localhost:9876/_karma_webpack_/node_modules/zone.js/dist/zone-evergreen.js:363:1)
      at Zone.run (http://localhost:9876/_karma_webpack_/node_modules/zone.js/dist/zone-evergreen.js:123:1)
      at http://localhost:9876/_karma_webpack_/node_modules/zone.js/dist/zone-evergreen.js:857:1
      at ZoneDelegate.invokeTask (http://localhost:9876/_karma_webpack_/node_modules/zone.js/dist/zone-evergreen.js:399:1)

]]>
  </system-out>
  <system-err/>
</testsuite>